# JRE version: OpenJDK Runtime Environment Zulu24.30+11-CA (24.0.1+9) (build 24.0.1+9)
# Java VM: OpenJDK 64-Bit Server VM Zulu24.30+11-CA (24.0.1+9, mixed mode, sharing, tiered, compressed oops, compressed class ptrs, g1 gc, windows-amd64)
GC Precious Log:
 CardTable entry size: 512
 Card Set container configuration: InlinePtr #cards 5 size 8 Array Of Cards #cards 10 size 36 Howl #buckets 4 coarsen threshold 1843 Howl Bitmap #cards 512 size 80 coarsen threshold 460 Card regions per heap region 1 cards per card region 2048
 CPUs: 8 total, 8 available
 Memory: 8035M
 Large Page Support: Disabled
 NUMA Support: Disabled
 Compressed Oops: Enabled (32-bit)
 Heap Region Size: 1M
 Heap Min Capacity: 8M
 Heap Initial Capacity: 8M
 Heap Max Capacity: 2010M
 Pre-touch: Disabled
 Parallel Workers: 8
 Concurrent Workers: 2
 Concurrent Refinement Workers: 8
 Periodic GC: Disabled
Heap:
 garbage-first heap   total reserved 2058240K, committed 13312K, used 8771K [0x0000000082600000, 0x0000000100000000)
  region size 1024K, 1 young (1024K), 1 survivors (1024K)
 Metaspace       used 9142K, committed 9344K, reserved 1114112K
  class space    used 897K, committed 1024K, reserved 1048576K
GC Heap History (20 events):
Event: 0.559 GC heap after
{Heap after GC invocations=3 (full 0):
 garbage-first heap   total reserved 2058240K, committed 10240K, used 3402K [0x0000000082600000, 0x0000000100000000)
  region size 1024K, 1 young (1024K), 1 survivors (1024K)
 Metaspace       used 7079K, committed 7296K, reserved 1114112K
  class space    used 707K, committed 832K, reserved 1048576K
}
Event: 0.659 GC heap before
{Heap before GC invocations=4 (full 0):
 garbage-first heap   total reserved 2058240K, committed 10240K, used 5450K [0x0000000082600000, 0x0000000100000000)
  region size 1024K, 3 young (3072K), 1 survivors (1024K)
 Metaspace       used 8047K, committed 8256K, reserved 1114112K
  class space    used 782K, committed 896K, reserved 1048576K
}
Event: 0.661 GC heap after
{Heap after GC invocations=5 (full 0):
 garbage-first heap   total reserved 2058240K, committed 10240K, used 3863K [0x0000000082600000, 0x0000000100000000)
  region size 1024K, 1 young (1024K), 1 survivors (1024K)
 Metaspace       used 8047K, committed 8256K, reserved 1114112K
  class space    used 782K, committed 896K, reserved 1048576K
}
Event: 0.728 GC heap before
{Heap before GC invocations=5 (full 0):
 garbage-first heap   total reserved 2058240K, committed 10240K, used 5911K [0x0000000082600000, 0x0000000100000000)
  region size 1024K, 3 young (3072K), 1 survivors (1024K)
 Metaspace       used 8477K, committed 8640K, reserved 1114112K
  class space    used 831K, committed 896K, reserved 1048576K
}
Event: 0.733 GC heap after
{Heap after GC invocations=6 (full 0):
 garbage-first heap   total reserved 2058240K, committed 10240K, used 4534K [0x0000000082600000, 0x0000000100000000)
  region size 1024K, 1 young (1024K), 1 survivors (1024K)
 Metaspace       used 8477K, committed 8640K, reserved 1114112K
  class space    used 831K, committed 896K, reserved 1048576K
}
Event: 0.844 GC heap before
{Heap before GC invocations=6 (full 0):
 garbage-first heap   total reserved 2058240K, committed 10240K, used 6582K [0x0000000082600000, 0x0000000100000000)
  region size 1024K, 3 young (3072K), 1 survivors (1024K)
 Metaspace       used 8828K, committed 9024K, reserved 1114112K
  class space    used 873K, committed 960K, reserved 1048576K
}
Event: 0.848 GC heap after
{Heap after GC invocations=7 (full 0):
 garbage-first heap   total reserved 2058240K, committed 13312K, used 5251K [0x0000000082600000, 0x0000000100000000)
  region size 1024K, 1 young (1024K), 1 survivors (1024K)
 Metaspace       used 8828K, committed 9024K, reserved 1114112K
  class space    used 873K, committed 960K, reserved 1048576K
}
Event: 0.890 GC heap before
{Heap before GC invocations=8 (full 0):
 garbage-first heap   total reserved 2058240K, committed 13312K, used 8323K [0x0000000082600000, 0x0000000100000000)
  region size 1024K, 4 young (4096K), 1 survivors (1024K)
 Metaspace       used 8874K, committed 9088K, reserved 1114112K
  class space    used 873K, committed 960K, reserved 1048576K
}
Event: 0.892 GC heap after
{Heap after GC invocations=9 (full 0):
 garbage-first heap   total reserved 2058240K, committed 13312K, used 5614K [0x0000000082600000, 0x0000000100000000)
  region size 1024K, 1 young (1024K), 1 survivors (1024K)
 Metaspace       used 8874K, committed 9088K, reserved 1114112K
  class space    used 873K, committed 960K, reserved 1048576K
}
Event: 0.929 GC heap before
{Heap before GC invocations=9 (full 0):
 garbage-first heap   total reserved 2058240K, committed 13312K, used 8686K [0x0000000082600000, 0x0000000100000000)
  region size 1024K, 4 young (4096K), 1 survivors (1024K)
 Metaspace       used 8964K, committed 9216K, reserved 1114112K
  class space    used 879K, committed 1024K, reserved 1048576K
}
Event: 0.931 GC heap after
{Heap after GC invocations=10 (full 0):
 garbage-first heap   total reserved 2058240K, committed 13312K, used 6132K [0x0000000082600000, 0x0000000100000000)
  region size 1024K, 1 young (1024K), 1 survivors (1024K)
 Metaspace       used 8964K, committed 9216K, reserved 1114112K
  class space    used 879K, committed 1024K, reserved 1048576K
}
Event: 0.957 GC heap before
{Heap before GC invocations=11 (full 0):
 garbage-first heap   total reserved 2058240K, committed 13312K, used 9204K [0x0000000082600000, 0x0000000100000000)
  region size 1024K, 4 young (4096K), 1 survivors (1024K)
 Metaspace       used 8979K, committed 9280K, reserved 1114112K
  class space    used 879K, committed 1024K, reserved 1048576K
}
Event: 0.959 GC heap after
{Heap after GC invocations=12 (full 0):
 garbage-first heap   total reserved 2058240K, committed 13312K, used 6546K [0x0000000082600000, 0x0000000100000000)
  region size 1024K, 1 young (1024K), 1 survivors (1024K)
 Metaspace       used 8979K, committed 9280K, reserved 1114112K
  class space    used 879K, committed 1024K, reserved 1048576K
}
Event: 0.977 GC heap before
{Heap before GC invocations=12 (full 0):
 garbage-first heap   total reserved 2058240K, committed 13312K, used 9618K [0x0000000082600000, 0x0000000100000000)
  region size 1024K, 4 young (4096K), 1 survivors (1024K)
 Metaspace       used 8991K, committed 9280K, reserved 1114112K
  class space    used 880K, committed 1024K, reserved 1048576K
}
Event: 0.980 GC heap after
{Heap after GC invocations=13 (full 0):
 garbage-first heap   total reserved 2058240K, committed 13312K, used 6962K [0x0000000082600000, 0x0000000100000000)
  region size 1024K, 1 young (1024K), 1 survivors (1024K)
 Metaspace       used 8991K, committed 9280K, reserved 1114112K
  class space    used 880K, committed 1024K, reserved 1048576K
}
Event: 1.035 GC heap before
{Heap before GC invocations=14 (full 0):
 garbage-first heap   total reserved 2058240K, committed 13312K, used 10034K [0x0000000082600000, 0x0000000100000000)
  region size 1024K, 4 young (4096K), 1 survivors (1024K)
 Metaspace       used 9121K, committed 9344K, reserved 1114112K
  class space    used 897K, committed 1024K, reserved 1048576K
}
Event: 1.040 GC heap after
{Heap after GC invocations=15 (full 0):
 garbage-first heap   total reserved 2058240K, committed 13312K, used 7790K [0x0000000082600000, 0x0000000100000000)
  region size 1024K, 1 young (1024K), 1 survivors (1024K)
 Metaspace       used 9121K, committed 9344K, reserved 1114112K
  class space    used 897K, committed 1024K, reserved 1048576K
}
Event: 1.058 GC heap before
{Heap before GC invocations=15 (full 0):
 garbage-first heap   total reserved 2058240K, committed 13312K, used 10862K [0x0000000082600000, 0x0000000100000000)
  region size 1024K, 4 young (4096K), 1 survivors (1024K)
 Metaspace       used 9141K, committed 9344K, reserved 1114112K
  class space    used 897K, committed 1024K, reserved 1048576K
}
Event: 1.063 GC heap after
{Heap after GC invocations=16 (full 0):
 garbage-first heap   total reserved 2058240K, committed 13312K, used 8513K [0x0000000082600000, 0x0000000100000000)
  region size 1024K, 1 young (1024K), 1 survivors (1024K)
 Metaspace       used 9141K, committed 9344K, reserved 1114112K
  class space    used 897K, committed 1024K, reserved 1048576K
}
Event: 1.070 GC heap before
{Heap before GC invocations=16 (full 0):
 garbage-first heap   total reserved 2058240K, committed 13312K, used 10561K [0x0000000082600000, 0x0000000100000000)
  region size 1024K, 3 young (3072K), 1 survivors (1024K)
 Metaspace       used 9142K, committed 9344K, reserved 1114112K
  class space    used 897K, committed 1024K, reserved 1048576K
}

