# JRE version: OpenJDK Runtime Environment Zulu24.30+11-CA (24.0.1+9) (build 24.0.1+9)
# Java VM: OpenJDK 64-Bit Server VM Zulu24.30+11-CA (24.0.1+9, mixed mode, sharing, tiered, compressed oops, compressed class ptrs, g1 gc, windows-amd64)
GC Precious Log:
 CardTable entry size: 512
 Card Set container configuration: InlinePtr #cards 5 size 8 Array Of Cards #cards 10 size 36 Howl #buckets 4 coarsen threshold 1843 Howl Bitmap #cards 512 size 80 coarsen threshold 460 Card regions per heap region 1 cards per card region 2048
 CPUs: 8 total, 8 available
 Memory: 8035M
 Large Page Support: Disabled
 NUMA Support: Disabled
 Compressed Oops: Enabled (32-bit)
 Heap Region Size: 1M
 Heap Min Capacity: 8M
 Heap Initial Capacity: 8M
 Heap Max Capacity: 2010M
 Pre-touch: Disabled
 Parallel Workers: 8
 Concurrent Workers: 2
 Concurrent Refinement Workers: 8
 Periodic GC: Disabled
Heap:
 garbage-first heap   total reserved 2058240K, committed 14336K, used 8955K [0x0000000082600000, 0x0000000100000000)
  region size 1024K, 1 young (1024K), 1 survivors (1024K)
 Metaspace       used 9157K, committed 9408K, reserved 1114112K
  class space    used 898K, committed 1024K, reserved 1048576K
GC Heap History (20 events):
Event: 0.312 GC heap after
{Heap after GC invocations=2 (full 0):
 garbage-first heap   total reserved 2058240K, committed 10240K, used 3055K [0x0000000082600000, 0x0000000100000000)
  region size 1024K, 1 young (1024K), 1 survivors (1024K)
 Metaspace       used 5898K, committed 6016K, reserved 1114112K
  class space    used 581K, committed 640K, reserved 1048576K
}
Event: 0.376 GC heap before
{Heap before GC invocations=2 (full 0):
 garbage-first heap   total reserved 2058240K, committed 10240K, used 5103K [0x0000000082600000, 0x0000000100000000)
  region size 1024K, 3 young (3072K), 1 survivors (1024K)
 Metaspace       used 7080K, committed 7296K, reserved 1114112K
  class space    used 708K, committed 832K, reserved 1048576K
}
Event: 0.379 GC heap after
{Heap after GC invocations=3 (full 0):
 garbage-first heap   total reserved 2058240K, committed 10240K, used 3488K [0x0000000082600000, 0x0000000100000000)
  region size 1024K, 1 young (1024K), 1 survivors (1024K)
 Metaspace       used 7080K, committed 7296K, reserved 1114112K
  class space    used 708K, committed 832K, reserved 1048576K
}
Event: 0.454 GC heap before
{Heap before GC invocations=4 (full 0):
 garbage-first heap   total reserved 2058240K, committed 10240K, used 5536K [0x0000000082600000, 0x0000000100000000)
  region size 1024K, 3 young (3072K), 1 survivors (1024K)
 Metaspace       used 8069K, committed 8320K, reserved 1114112K
  class space    used 786K, committed 896K, reserved 1048576K
}
Event: 0.456 GC heap after
{Heap after GC invocations=5 (full 0):
 garbage-first heap   total reserved 2058240K, committed 10240K, used 3878K [0x0000000082600000, 0x0000000100000000)
  region size 1024K, 1 young (1024K), 1 survivors (1024K)
 Metaspace       used 8069K, committed 8320K, reserved 1114112K
  class space    used 786K, committed 896K, reserved 1048576K
}
Event: 0.510 GC heap before
{Heap before GC invocations=5 (full 0):
 garbage-first heap   total reserved 2058240K, committed 10240K, used 4902K [0x0000000082600000, 0x0000000100000000)
  region size 1024K, 3 young (3072K), 1 survivors (1024K)
 Metaspace       used 8493K, committed 8640K, reserved 1114112K
  class space    used 834K, committed 896K, reserved 1048576K
}
Event: 0.514 GC heap after
{Heap after GC invocations=6 (full 0):
 garbage-first heap   total reserved 2058240K, committed 10240K, used 4702K [0x0000000082600000, 0x0000000100000000)
  region size 1024K, 1 young (1024K), 1 survivors (1024K)
 Metaspace       used 8493K, committed 8640K, reserved 1114112K
  class space    used 834K, committed 896K, reserved 1048576K
}
Event: 0.599 GC heap before
{Heap before GC invocations=6 (full 0):
 garbage-first heap   total reserved 2058240K, committed 10240K, used 6750K [0x0000000082600000, 0x0000000100000000)
  region size 1024K, 3 young (3072K), 1 survivors (1024K)
 Metaspace       used 8820K, committed 9024K, reserved 1114112K
  class space    used 873K, committed 960K, reserved 1048576K
}
Event: 0.604 GC heap after
{Heap after GC invocations=7 (full 0):
 garbage-first heap   total reserved 2058240K, committed 14336K, used 5367K [0x0000000082600000, 0x0000000100000000)
  region size 1024K, 1 young (1024K), 1 survivors (1024K)
 Metaspace       used 8820K, committed 9024K, reserved 1114112K
  class space    used 873K, committed 960K, reserved 1048576K
}
Event: 0.670 GC heap before
{Heap before GC invocations=8 (full 0):
 garbage-first heap   total reserved 2058240K, committed 14336K, used 9463K [0x0000000082600000, 0x0000000100000000)
  region size 1024K, 5 young (5120K), 1 survivors (1024K)
 Metaspace       used 8954K, committed 9216K, reserved 1114112K
  class space    used 879K, committed 1024K, reserved 1048576K
}
Event: 0.673 GC heap after
{Heap after GC invocations=9 (full 0):
 garbage-first heap   total reserved 2058240K, committed 14336K, used 5832K [0x0000000082600000, 0x0000000100000000)
  region size 1024K, 1 young (1024K), 1 survivors (1024K)
 Metaspace       used 8954K, committed 9216K, reserved 1114112K
  class space    used 879K, committed 1024K, reserved 1048576K
}
Event: 0.695 GC heap before
{Heap before GC invocations=9 (full 0):
 garbage-first heap   total reserved 2058240K, committed 14336K, used 9928K [0x0000000082600000, 0x0000000100000000)
  region size 1024K, 5 young (5120K), 1 survivors (1024K)
 Metaspace       used 8986K, committed 9216K, reserved 1114112K
  class space    used 879K, committed 1024K, reserved 1048576K
}
Event: 0.699 GC heap after
{Heap after GC invocations=10 (full 0):
 garbage-first heap   total reserved 2058240K, committed 14336K, used 6275K [0x0000000082600000, 0x0000000100000000)
  region size 1024K, 1 young (1024K), 1 survivors (1024K)
 Metaspace       used 8986K, committed 9216K, reserved 1114112K
  class space    used 879K, committed 1024K, reserved 1048576K
}
Event: 0.737 GC heap before
{Heap before GC invocations=10 (full 0):
 garbage-first heap   total reserved 2058240K, committed 14336K, used 10371K [0x0000000082600000, 0x0000000100000000)
  region size 1024K, 5 young (5120K), 1 survivors (1024K)
 Metaspace       used 9083K, committed 9280K, reserved 1114112K
  class space    used 893K, committed 1024K, reserved 1048576K
}
Event: 0.742 GC heap after
{Heap after GC invocations=11 (full 0):
 garbage-first heap   total reserved 2058240K, committed 14336K, used 7039K [0x0000000082600000, 0x0000000100000000)
  region size 1024K, 1 young (1024K), 1 survivors (1024K)
 Metaspace       used 9083K, committed 9280K, reserved 1114112K
  class space    used 893K, committed 1024K, reserved 1048576K
}
Event: 0.778 GC heap before
{Heap before GC invocations=11 (full 0):
 garbage-first heap   total reserved 2058240K, committed 14336K, used 10111K [0x0000000082600000, 0x0000000100000000)
  region size 1024K, 4 young (4096K), 1 survivors (1024K)
 Metaspace       used 9148K, committed 9344K, reserved 1114112K
  class space    used 898K, committed 1024K, reserved 1048576K
}
Event: 0.782 GC heap after
{Heap after GC invocations=12 (full 0):
 garbage-first heap   total reserved 2058240K, committed 14336K, used 8002K [0x0000000082600000, 0x0000000100000000)
  region size 1024K, 1 young (1024K), 1 survivors (1024K)
 Metaspace       used 9148K, committed 9344K, reserved 1114112K
  class space    used 898K, committed 1024K, reserved 1048576K
}
Event: 0.798 GC heap before
{Heap before GC invocations=13 (full 0):
 garbage-first heap   total reserved 2058240K, committed 14336K, used 11074K [0x0000000082600000, 0x0000000100000000)
  region size 1024K, 4 young (4096K), 1 survivors (1024K)
 Metaspace       used 9156K, committed 9408K, reserved 1114112K
  class space    used 898K, committed 1024K, reserved 1048576K
}
Event: 0.801 GC heap after
{Heap after GC invocations=14 (full 0):
 garbage-first heap   total reserved 2058240K, committed 14336K, used 8557K [0x0000000082600000, 0x0000000100000000)
  region size 1024K, 1 young (1024K), 1 survivors (1024K)
 Metaspace       used 9156K, committed 9408K, reserved 1114112K
  class space    used 898K, committed 1024K, reserved 1048576K
}
Event: 0.808 GC heap before
{Heap before GC invocations=14 (full 0):
 garbage-first heap   total reserved 2058240K, committed 14336K, used 11629K [0x0000000082600000, 0x0000000100000000)
  region size 1024K, 4 young (4096K), 1 survivors (1024K)
 Metaspace       used 9157K, committed 9408K, reserved 1114112K
  class space    used 898K, committed 1024K, reserved 1048576K
}

